{"level":"info","message":"Connected to MongoDB","timestamp":"2025-03-26T19:27:38.635Z"}
{"level":"info","message":"Server is running on port 3000","timestamp":"2025-03-26T19:27:38.638Z"}
{"level":"info","message":"Connected to Redis","timestamp":"2025-03-26T19:27:38.639Z"}
{"level":"info","message":"Connected to Redis","timestamp":"2025-03-26T19:27:39.652Z"}
{"level":"info","message":"Connected to Redis","timestamp":"2025-03-26T19:27:40.658Z"}
{"level":"info","message":"Connected to Redis","timestamp":"2025-03-26T19:27:41.663Z"}
{"level":"info","message":"Connected to Redis","timestamp":"2025-03-26T19:27:42.671Z"}
{"level":"info","message":"Connected to Redis","timestamp":"2025-03-26T19:27:43.679Z"}
{"level":"info","message":"Connected to Redis","timestamp":"2025-03-26T19:27:44.689Z"}
{"level":"info","message":"Connected to Redis","timestamp":"2025-03-26T19:27:45.697Z"}
{"level":"info","message":"Connected to Redis","timestamp":"2025-03-26T19:27:46.703Z"}
{"level":"info","message":"Connected to Redis","timestamp":"2025-03-26T19:27:47.713Z"}
{"level":"info","message":"Connected to Redis","timestamp":"2025-03-26T19:27:48.720Z"}
{"level":"info","message":"Connected to Redis","timestamp":"2025-03-26T19:27:49.729Z"}
{"level":"info","message":"Connected to Redis","timestamp":"2025-03-26T19:27:50.735Z"}
{"level":"info","message":"Connected to Redis","timestamp":"2025-03-26T19:27:51.744Z"}
{"level":"info","message":"Connected to Redis","timestamp":"2025-03-26T19:27:52.753Z"}
{"level":"info","message":"Connected to Redis","timestamp":"2025-03-26T19:27:53.762Z"}
{"level":"info","message":"Connected to Redis","timestamp":"2025-03-26T19:27:54.767Z"}
{"level":"info","message":"Connected to Redis","timestamp":"2025-03-26T19:27:55.771Z"}
{"level":"info","message":"Connected to Redis","timestamp":"2025-03-26T19:27:56.777Z"}
{"level":"info","message":"Connected to Redis","timestamp":"2025-03-26T19:27:57.782Z"}
{"level":"info","message":"Connected to Redis","timestamp":"2025-03-26T19:27:58.790Z"}
{"level":"info","message":"Connected to Redis","timestamp":"2025-03-26T19:27:59.799Z"}
{"level":"info","message":"Connected to Redis","timestamp":"2025-03-26T19:28:00.804Z"}
{"level":"info","message":"Connected to Redis","timestamp":"2025-03-26T19:28:01.812Z"}
{"level":"info","message":"Connected to Redis","timestamp":"2025-03-26T19:28:02.822Z"}
{"level":"info","message":"Connected to Redis","timestamp":"2025-03-26T19:28:03.826Z"}
{"level":"info","message":"Connected to Redis","timestamp":"2025-03-26T19:28:04.831Z"}
{"level":"info","message":"Connected to Redis","timestamp":"2025-03-26T19:28:05.837Z"}
{"level":"info","message":"Connected to Redis","timestamp":"2025-03-26T19:28:06.841Z"}
{"level":"info","message":"Connected to Redis","timestamp":"2025-03-26T19:28:07.846Z"}
{"level":"info","message":"Connected to Redis","timestamp":"2025-03-26T19:28:08.850Z"}
{"level":"info","message":"Connected to Redis","timestamp":"2025-03-26T19:28:09.855Z"}
{"level":"info","message":"Connected to Redis","timestamp":"2025-03-26T19:28:10.863Z"}
{"level":"info","message":"Connected to Redis","timestamp":"2025-03-26T19:28:11.870Z"}
{"level":"info","message":"Connected to Redis","timestamp":"2025-03-26T19:28:12.875Z"}
{"level":"info","message":"Connected to Redis","timestamp":"2025-03-26T19:28:13.882Z"}
{"level":"info","message":"Connected to Redis","timestamp":"2025-03-26T19:28:14.891Z"}
{"level":"info","message":"Connected to Redis","timestamp":"2025-03-26T19:28:15.897Z"}
{"level":"info","message":"Connected to Redis","timestamp":"2025-03-26T19:28:16.902Z"}
{"level":"info","message":"Connected to Redis","timestamp":"2025-03-26T19:28:17.905Z"}
{"level":"info","message":"Connected to Redis","timestamp":"2025-03-26T19:28:18.919Z"}
{"level":"info","message":"Connected to Redis","timestamp":"2025-03-26T19:28:19.921Z"}
{"level":"info","message":"Connected to Redis","timestamp":"2025-03-26T19:28:20.927Z"}
{"level":"info","message":"Connected to Redis","timestamp":"2025-03-26T19:28:21.933Z"}
{"level":"info","message":"Connected to Redis","timestamp":"2025-03-26T19:28:22.941Z"}
{"level":"info","message":"Connected to Redis","timestamp":"2025-03-26T19:28:23.946Z"}
{"level":"info","message":"Connected to Redis","timestamp":"2025-03-26T19:28:24.951Z"}
{"level":"info","message":"Connected to Redis","timestamp":"2025-03-26T19:28:25.955Z"}
{"level":"info","message":"Connected to Redis","timestamp":"2025-03-26T19:28:26.959Z"}
{"level":"info","message":"Connected to Redis","timestamp":"2025-03-26T19:28:27.962Z"}
{"level":"info","message":"Connected to MongoDB","timestamp":"2025-03-26T19:43:49.180Z"}
{"level":"info","message":"Server is running on port 3000","timestamp":"2025-03-26T19:43:49.183Z"}
{"level":"info","message":"Connected to Redis","timestamp":"2025-03-26T19:43:49.185Z"}
{"level":"info","message":"Connected to Redis","timestamp":"2025-03-26T19:43:50.198Z"}
{"level":"info","message":"Connected to Redis","timestamp":"2025-03-26T19:43:51.207Z"}
{"level":"info","message":"Connected to Redis","timestamp":"2025-03-26T19:43:52.213Z"}
{"level":"info","message":"Connected to Redis","timestamp":"2025-03-26T19:43:53.220Z"}
{"level":"info","message":"Connected to Redis","timestamp":"2025-03-26T19:43:54.229Z"}
{"level":"info","message":"Connected to Redis","timestamp":"2025-03-26T19:43:55.233Z"}
{"level":"info","message":"Connected to Redis","timestamp":"2025-03-26T19:43:56.240Z"}
{"level":"info","message":"Connected to Redis","timestamp":"2025-03-26T19:43:57.249Z"}
{"level":"info","message":"Connected to Redis","timestamp":"2025-03-26T19:43:58.257Z"}
{"level":"info","message":"Connected to Redis","timestamp":"2025-03-26T19:43:59.266Z"}
{"level":"info","message":"Connected to Redis","timestamp":"2025-03-26T19:44:00.272Z"}
{"level":"info","message":"Connected to Redis","timestamp":"2025-03-26T19:44:01.279Z"}
{"level":"info","message":"Connected to Redis","timestamp":"2025-03-26T19:44:02.287Z"}
{"level":"info","message":"Connected to Redis","timestamp":"2025-03-26T19:44:03.297Z"}
{"level":"info","message":"Connected to Redis","timestamp":"2025-03-26T19:44:04.301Z"}
{"level":"info","message":"Connected to Redis","timestamp":"2025-03-26T19:44:05.305Z"}
{"level":"info","message":"Connected to Redis","timestamp":"2025-03-26T19:44:06.313Z"}
{"level":"info","message":"Connected to Redis","timestamp":"2025-03-26T19:44:07.318Z"}
{"level":"info","message":"Connected to Redis","timestamp":"2025-03-26T19:44:08.325Z"}
{"level":"info","message":"Connected to Redis","timestamp":"2025-03-26T19:44:09.334Z"}
{"level":"info","message":"Connected to Redis","timestamp":"2025-03-26T19:44:10.340Z"}
{"level":"info","message":"Connected to Redis","timestamp":"2025-03-26T19:44:11.348Z"}
{"level":"info","message":"Connected to Redis","timestamp":"2025-03-26T19:44:12.356Z"}
{"level":"info","message":"Connected to Redis","timestamp":"2025-03-26T19:44:13.362Z"}
{"level":"info","message":"Connected to Redis","timestamp":"2025-03-26T19:44:14.369Z"}
{"level":"info","message":"Connected to Redis","timestamp":"2025-03-26T19:44:15.378Z"}
{"level":"info","message":"Connected to Redis","timestamp":"2025-03-26T19:44:16.386Z"}
{"level":"info","message":"Connected to Redis","timestamp":"2025-03-26T19:44:17.394Z"}
{"level":"info","message":"Connected to Redis","timestamp":"2025-03-26T19:44:18.401Z"}
{"level":"info","message":"Connected to Redis","timestamp":"2025-03-26T19:44:19.411Z"}
{"level":"info","message":"Connected to Redis","timestamp":"2025-03-26T19:44:20.414Z"}
{"level":"info","message":"Connected to Redis","timestamp":"2025-03-26T19:44:21.419Z"}
{"level":"info","message":"Connected to Redis","timestamp":"2025-03-26T19:44:22.431Z"}
{"level":"info","message":"Connected to Redis","timestamp":"2025-03-26T19:44:23.440Z"}
{"level":"info","message":"Connected to Redis","timestamp":"2025-03-26T19:44:24.445Z"}
{"level":"info","message":"Connected to Redis","timestamp":"2025-03-26T19:44:25.452Z"}
{"level":"info","message":"Connected to Redis","timestamp":"2025-03-26T19:44:26.459Z"}
{"level":"info","message":"Connected to Redis","timestamp":"2025-03-26T19:44:27.468Z"}
{"level":"info","message":"Connected to Redis","timestamp":"2025-03-26T19:44:28.473Z"}
{"level":"info","message":"Connected to Redis","timestamp":"2025-03-26T19:44:29.476Z"}
{"level":"info","message":"Connected to Redis","timestamp":"2025-03-26T19:44:30.482Z"}
{"level":"info","message":"Connected to MongoDB","timestamp":"2025-03-26T19:46:29.567Z"}
{"level":"info","message":"Server is running on port 3000","timestamp":"2025-03-26T19:46:29.570Z"}
{"level":"info","message":"Connected to MongoDB","timestamp":"2025-03-26T19:47:49.362Z"}
{"level":"info","message":"Server is running on port 3000","timestamp":"2025-03-26T19:47:49.365Z"}
{"level":"info","message":"Connected to MongoDB","timestamp":"2025-03-26T19:59:57.112Z"}
{"level":"info","message":"Server is running on port 3000","timestamp":"2025-03-26T19:59:57.115Z"}
{"level":"info","message":"Connected to MongoDB","timestamp":"2025-03-26T20:04:19.500Z"}
{"level":"info","message":"Server is running on port 3000","timestamp":"2025-03-26T20:04:19.504Z"}
{"level":"info","message":"Connected to MongoDB","timestamp":"2025-03-26T20:06:00.069Z"}
{"level":"info","message":"Server is running on port 3000","timestamp":"2025-03-26T20:06:00.074Z"}
{"level":"info","message":"Connected to MongoDB","timestamp":"2025-03-26T20:14:20.823Z"}
{"level":"info","message":"Server is running on port 3000","timestamp":"2025-03-26T20:14:20.827Z"}
{"level":"info","message":"Connected to MongoDB","timestamp":"2025-03-26T20:15:25.975Z"}
{"level":"info","message":"Server is running on port 3000","timestamp":"2025-03-26T20:15:25.978Z"}
{"level":"info","message":"Connected to MongoDB","timestamp":"2025-03-26T20:17:30.157Z"}
{"level":"info","message":"Server is running on port 3000","timestamp":"2025-03-26T20:17:30.160Z"}
{"level":"info","message":"Connected to MongoDB","timestamp":"2025-03-26T20:18:25.850Z"}
{"level":"info","message":"Server is running on port 3000","timestamp":"2025-03-26T20:18:25.855Z"}
{"level":"info","message":"Connected to MongoDB","timestamp":"2025-03-26T20:18:32.474Z"}
{"level":"info","message":"Server is running on port 3000","timestamp":"2025-03-26T20:18:32.477Z"}
{"level":"info","message":"Connected to MongoDB","timestamp":"2025-03-26T20:33:56.966Z"}
{"level":"info","message":"Server is running on port 3000","timestamp":"2025-03-26T20:33:56.970Z"}
{"level":"info","message":"Connected to MongoDB","timestamp":"2025-03-26T20:38:54.220Z"}
{"level":"info","message":"Server is running on port 3000","timestamp":"2025-03-26T20:38:54.224Z"}
{"body":"Ignore this mail","level":"info","message":"Added email to queue:","subject":"Test subject","tenantId":"tenant007","timestamp":"2025-03-26T20:40:18.238Z","toAddress":"vivek.behera@hunch.in","userId":"DonJon"}
{"body":"Ignore this mail","level":"info","message":"Email queued for sending:","subject":"Test subject","tenantId":"tenant007","timestamp":"2025-03-26T20:40:18.239Z","toAddress":"vivek.behera@hunch.in","userId":"DonJon"}
{"level":"error","message":"Error sending email: from parameter is not a valid address. please check documentation","stack":"Error: from parameter is not a valid address. please check documentation\n    at IncomingMessage.<anonymous> (/Volumes/Work/extra/email-microservice/backend/node_modules/mailgun-js/lib/request.js:327:17)\n    at IncomingMessage.emit (node:events:531:35)\n    at IncomingMessage.emit (node:domain:488:12)\n    at endReadableNT (node:internal/streams/readable:1696:12)\n    at processTicksAndRejections (node:internal/process/task_queues:82:21)","statusCode":400,"timestamp":"2025-03-26T20:40:19.655Z"}
{"body":"Ignore this mail","level":"info","message":"Requeued email:","retryCount":1,"subject":"Test subject","tenantId":"tenant007","timestamp":1743021619662,"toAddress":"vivek.behera@hunch.in","userId":"DonJon"}
{"level":"error","message":"Error sending email: from parameter is not a valid address. please check documentation","stack":"Error: from parameter is not a valid address. please check documentation\n    at IncomingMessage.<anonymous> (/Volumes/Work/extra/email-microservice/backend/node_modules/mailgun-js/lib/request.js:327:17)\n    at IncomingMessage.emit (node:events:531:35)\n    at IncomingMessage.emit (node:domain:488:12)\n    at endReadableNT (node:internal/streams/readable:1696:12)\n    at processTicksAndRejections (node:internal/process/task_queues:82:21)","statusCode":400,"timestamp":"2025-03-26T20:40:20.578Z"}
{"body":"Ignore this mail","level":"info","message":"Requeued email:","retryCount":2,"subject":"Test subject","tenantId":"tenant007","timestamp":1743021620582,"toAddress":"vivek.behera@hunch.in","userId":"DonJon"}
{"level":"error","message":"Error sending email: from parameter is not a valid address. please check documentation","stack":"Error: from parameter is not a valid address. please check documentation\n    at IncomingMessage.<anonymous> (/Volumes/Work/extra/email-microservice/backend/node_modules/mailgun-js/lib/request.js:327:17)\n    at IncomingMessage.emit (node:events:531:35)\n    at IncomingMessage.emit (node:domain:488:12)\n    at endReadableNT (node:internal/streams/readable:1696:12)\n    at processTicksAndRejections (node:internal/process/task_queues:82:21)","statusCode":400,"timestamp":"2025-03-26T20:40:21.507Z"}
{"body":"Ignore this mail","level":"info","message":"Requeued email:","retryCount":3,"subject":"Test subject","tenantId":"tenant007","timestamp":1743021621514,"toAddress":"vivek.behera@hunch.in","userId":"DonJon"}
{"level":"error","message":"Error sending email: from parameter is not a valid address. please check documentation","stack":"Error: from parameter is not a valid address. please check documentation\n    at IncomingMessage.<anonymous> (/Volumes/Work/extra/email-microservice/backend/node_modules/mailgun-js/lib/request.js:327:17)\n    at IncomingMessage.emit (node:events:531:35)\n    at IncomingMessage.emit (node:domain:488:12)\n    at endReadableNT (node:internal/streams/readable:1696:12)\n    at processTicksAndRejections (node:internal/process/task_queues:82:21)","statusCode":400,"timestamp":"2025-03-26T20:40:22.415Z"}
{"level":"info","message":"Connected to MongoDB","timestamp":"2025-03-26T20:44:18.660Z"}
{"level":"info","message":"Server is running on port 3000","timestamp":"2025-03-26T20:44:18.664Z"}
{"body":"Ignore this mail","level":"info","message":"Added email to queue:","subject":"Test Mail","tenantId":"tenant007","timestamp":"2025-03-26T20:44:57.630Z","toAddress":"vivek.behera@hunch.in","userId":"DonJon"}
{"body":"Ignore this mail","level":"info","message":"Email queued for sending:","subject":"Test Mail","tenantId":"tenant007","timestamp":"2025-03-26T20:44:57.631Z","toAddress":"vivek.behera@hunch.in","userId":"DonJon"}
{"level":"info","message":"Email sent successfully:","timestamp":"2025-03-26T20:44:58.899Z"}
{"level":"info","message":"Connected to MongoDB","timestamp":"2025-03-27T16:58:34.031Z"}
{"level":"info","message":"Server is running on port 3000","timestamp":"2025-03-27T16:58:34.035Z"}
{"level":"info","message":"Connected to MongoDB","timestamp":"2025-03-27T16:59:46.670Z"}
{"level":"info","message":"Server is running on port 3000","timestamp":"2025-03-27T16:59:46.674Z"}
{"level":"info","message":"Connected to MongoDB","timestamp":"2025-03-27T17:02:26.346Z"}
{"level":"info","message":"Server is running on port 3000","timestamp":"2025-03-27T17:02:26.350Z"}
{"level":"info","message":"Connected to MongoDB","timestamp":"2025-03-27T17:04:27.500Z"}
{"level":"info","message":"Server is running on port 3000","timestamp":"2025-03-27T17:04:27.504Z"}
{"level":"error","message":"TokenError: Bad Request\n    at Strategy.OAuth2Strategy.parseErrorResponse (/Volumes/Work/extra/email-microservice/backend/node_modules/passport-oauth2/lib/strategy.js:373:12)\n    at Strategy.OAuth2Strategy._createOAuthError (/Volumes/Work/extra/email-microservice/backend/node_modules/passport-oauth2/lib/strategy.js:420:16)\n    at /Volumes/Work/extra/email-microservice/backend/node_modules/passport-oauth2/lib/strategy.js:177:45\n    at /Volumes/Work/extra/email-microservice/backend/node_modules/oauth/lib/oauth2.js:196:18\n    at passBackControl (/Volumes/Work/extra/email-microservice/backend/node_modules/oauth/lib/oauth2.js:132:9)\n    at IncomingMessage.<anonymous> (/Volumes/Work/extra/email-microservice/backend/node_modules/oauth/lib/oauth2.js:157:7)\n    at IncomingMessage.emit (node:events:519:35)\n    at IncomingMessage.emit (node:domain:489:12)\n    at endReadableNT (node:internal/streams/readable:1696:12)\n    at processTicksAndRejections (node:internal/process/task_queues:90:21)","timestamp":"2025-03-27T17:04:31.119Z"}
{"level":"error","message":"TokenError: Bad Request\n    at Strategy.OAuth2Strategy.parseErrorResponse (/Volumes/Work/extra/email-microservice/backend/node_modules/passport-oauth2/lib/strategy.js:373:12)\n    at Strategy.OAuth2Strategy._createOAuthError (/Volumes/Work/extra/email-microservice/backend/node_modules/passport-oauth2/lib/strategy.js:420:16)\n    at /Volumes/Work/extra/email-microservice/backend/node_modules/passport-oauth2/lib/strategy.js:177:45\n    at /Volumes/Work/extra/email-microservice/backend/node_modules/oauth/lib/oauth2.js:196:18\n    at passBackControl (/Volumes/Work/extra/email-microservice/backend/node_modules/oauth/lib/oauth2.js:132:9)\n    at IncomingMessage.<anonymous> (/Volumes/Work/extra/email-microservice/backend/node_modules/oauth/lib/oauth2.js:157:7)\n    at IncomingMessage.emit (node:events:519:35)\n    at IncomingMessage.emit (node:domain:489:12)\n    at endReadableNT (node:internal/streams/readable:1696:12)\n    at processTicksAndRejections (node:internal/process/task_queues:90:21)","timestamp":"2025-03-27T17:04:35.953Z"}
{"_message":"EmailCredential validation failed","errors":{"accessToken":{"kind":"required","message":"Path `accessToken` is required.","name":"ValidatorError","path":"accessToken","properties":{"message":"Path `accessToken` is required.","path":"accessToken","type":"required","value":""},"value":""},"provider":{"kind":"enum","message":"`google` is not a valid enum value for path `provider`.","name":"ValidatorError","path":"provider","properties":{"enumValues":["gmail","outlook"],"message":"`google` is not a valid enum value for path `provider`.","path":"provider","type":"enum","value":"google"},"value":"google"},"refreshToken":{"kind":"required","message":"Path `refreshToken` is required.","name":"ValidatorError","path":"refreshToken","properties":{"message":"Path `refreshToken` is required.","path":"refreshToken","type":"required","value":""},"value":""}},"level":"error","message":"OAuth callback error: EmailCredential validation failed: provider: `google` is not a valid enum value for path `provider`., accessToken: Path `accessToken` is required., refreshToken: Path `refreshToken` is required.","stack":"ValidationError: EmailCredential validation failed: provider: `google` is not a valid enum value for path `provider`., accessToken: Path `accessToken` is required., refreshToken: Path `refreshToken` is required.\n    at model.Document.invalidate (/Volumes/Work/extra/email-microservice/backend/node_modules/mongoose/lib/document.js:3219:32)\n    at /Volumes/Work/extra/email-microservice/backend/node_modules/mongoose/lib/document.js:3012:17\n    at /Volumes/Work/extra/email-microservice/backend/node_modules/mongoose/lib/schematype.js:1368:9\n    at processTicksAndRejections (node:internal/process/task_queues:85:11)","timestamp":"2025-03-27T17:04:53.909Z"}
{"level":"info","message":"Connected to MongoDB","timestamp":"2025-03-27T17:05:43.589Z"}
{"level":"info","message":"Server is running on port 3000","timestamp":"2025-03-27T17:05:43.593Z"}
{"level":"info","message":"Connected to MongoDB","timestamp":"2025-03-27T17:06:38.043Z"}
{"level":"info","message":"Server is running on port 3000","timestamp":"2025-03-27T17:06:38.047Z"}
{"level":"info","message":"Connected to MongoDB","timestamp":"2025-03-27T17:06:54.745Z"}
{"level":"info","message":"Server is running on port 3000","timestamp":"2025-03-27T17:06:54.749Z"}
{"level":"error","message":"InternalOAuthError: Failed to obtain access token\n    at Strategy.OAuth2Strategy._createOAuthError (/Volumes/Work/extra/email-microservice/backend/node_modules/passport-oauth2/lib/strategy.js:423:17)\n    at /Volumes/Work/extra/email-microservice/backend/node_modules/passport-oauth2/lib/strategy.js:177:45\n    at /Volumes/Work/extra/email-microservice/backend/node_modules/oauth/lib/oauth2.js:196:18\n    at ClientRequest.<anonymous> (/Volumes/Work/extra/email-microservice/backend/node_modules/oauth/lib/oauth2.js:166:7)\n    at ClientRequest.emit (node:events:507:28)\n    at ClientRequest.emit (node:domain:489:12)\n    at emitErrorEvent (node:_http_client:103:11)\n    at TLSSocket.socketErrorListener (node:_http_client:506:5)\n    at TLSSocket.emit (node:events:507:28)\n    at TLSSocket.emit (node:domain:489:12)","timestamp":"2025-03-27T17:07:15.586Z"}
{"_message":"EmailCredential validation failed","errors":{"provider":{"kind":"enum","message":"`google` is not a valid enum value for path `provider`.","name":"ValidatorError","path":"provider","properties":{"enumValues":["gmail","outlook"],"message":"`google` is not a valid enum value for path `provider`.","path":"provider","type":"enum","value":"google"},"value":"google"},"refreshToken":{"kind":"required","message":"Path `refreshToken` is required.","name":"ValidatorError","path":"refreshToken","properties":{"message":"Path `refreshToken` is required.","path":"refreshToken","type":"required","value":""},"value":""}},"level":"error","message":"OAuth callback error: EmailCredential validation failed: provider: `google` is not a valid enum value for path `provider`., refreshToken: Path `refreshToken` is required.","stack":"ValidationError: EmailCredential validation failed: provider: `google` is not a valid enum value for path `provider`., refreshToken: Path `refreshToken` is required.\n    at model.Document.invalidate (/Volumes/Work/extra/email-microservice/backend/node_modules/mongoose/lib/document.js:3219:32)\n    at /Volumes/Work/extra/email-microservice/backend/node_modules/mongoose/lib/document.js:3012:17\n    at /Volumes/Work/extra/email-microservice/backend/node_modules/mongoose/lib/schematype.js:1368:9\n    at processTicksAndRejections (node:internal/process/task_queues:85:11)","timestamp":"2025-03-27T17:07:50.414Z"}
{"level":"info","message":"Connected to MongoDB","timestamp":"2025-03-27T17:08:44.214Z"}
{"level":"info","message":"Server is running on port 3000","timestamp":"2025-03-27T17:08:44.218Z"}
{"_message":"EmailCredential validation failed","errors":{"refreshToken":{"kind":"required","message":"Path `refreshToken` is required.","name":"ValidatorError","path":"refreshToken","properties":{"message":"Path `refreshToken` is required.","path":"refreshToken","type":"required","value":""},"value":""}},"level":"error","message":"OAuth callback error: EmailCredential validation failed: refreshToken: Path `refreshToken` is required.","stack":"ValidationError: EmailCredential validation failed: refreshToken: Path `refreshToken` is required.\n    at model.Document.invalidate (/Volumes/Work/extra/email-microservice/backend/node_modules/mongoose/lib/document.js:3219:32)\n    at /Volumes/Work/extra/email-microservice/backend/node_modules/mongoose/lib/document.js:3012:17\n    at /Volumes/Work/extra/email-microservice/backend/node_modules/mongoose/lib/schematype.js:1368:9\n    at processTicksAndRejections (node:internal/process/task_queues:85:11)","timestamp":"2025-03-27T17:09:20.101Z"}
{"level":"info","message":"Connected to MongoDB","timestamp":"2025-03-27T17:10:01.621Z"}
{"level":"info","message":"Server is running on port 3000","timestamp":"2025-03-27T17:10:01.625Z"}
{"level":"info","message":"Connected to MongoDB","timestamp":"2025-03-27T17:12:26.853Z"}
{"level":"info","message":"Server is running on port 3000","timestamp":"2025-03-27T17:12:26.857Z"}
{"level":"info","message":"Connected to MongoDB","timestamp":"2025-03-27T17:12:45.531Z"}
{"level":"info","message":"Server is running on port 3000","timestamp":"2025-03-27T17:12:45.535Z"}
{"level":"info","message":"Connected to MongoDB","timestamp":"2025-03-27T17:13:03.882Z"}
{"level":"info","message":"Server is running on port 3000","timestamp":"2025-03-27T17:13:03.886Z"}
{"level":"info","message":"Connected to MongoDB","timestamp":"2025-03-27T17:14:34.484Z"}
{"level":"info","message":"Server is running on port 3000","timestamp":"2025-03-27T17:14:34.487Z"}
{"level":"error","message":"InternalOAuthError: Failed to obtain access token\n    at Strategy.OAuth2Strategy._createOAuthError (/Volumes/Work/extra/email-microservice/backend/node_modules/passport-oauth2/lib/strategy.js:423:17)\n    at /Volumes/Work/extra/email-microservice/backend/node_modules/passport-oauth2/lib/strategy.js:177:45\n    at /Volumes/Work/extra/email-microservice/backend/node_modules/oauth/lib/oauth2.js:196:18\n    at ClientRequest.<anonymous> (/Volumes/Work/extra/email-microservice/backend/node_modules/oauth/lib/oauth2.js:166:7)\n    at ClientRequest.emit (node:events:507:28)\n    at ClientRequest.emit (node:domain:489:12)\n    at emitErrorEvent (node:_http_client:103:11)\n    at TLSSocket.socketErrorListener (node:_http_client:506:5)\n    at TLSSocket.emit (node:events:507:28)\n    at TLSSocket.emit (node:domain:489:12)","timestamp":"2025-03-27T17:14:52.925Z"}
{"level":"info","message":"Connected to MongoDB","timestamp":"2025-03-27T17:16:48.881Z"}
{"level":"info","message":"Server is running on port 3000","timestamp":"2025-03-27T17:16:48.885Z"}
{"level":"info","message":"Connected to MongoDB","timestamp":"2025-03-27T17:17:05.578Z"}
{"level":"info","message":"Server is running on port 3000","timestamp":"2025-03-27T17:17:05.582Z"}
{"code":11000,"index":0,"keyPattern":{"email":1},"keyValue":{"email":"vivekkumarbehera@gmail.com"},"level":"error","message":"OAuth callback error: E11000 duplicate key error collection: email-service.emailcredentials index: email_1 dup key: { email: \"vivekkumarbehera@gmail.com\" }","stack":"MongoServerError: E11000 duplicate key error collection: email-service.emailcredentials index: email_1 dup key: { email: \"vivekkumarbehera@gmail.com\" }\n    at /Volumes/Work/extra/email-microservice/backend/node_modules/mongoose/node_modules/mongodb/src/operations/insert.ts:85:25\n    at /Volumes/Work/extra/email-microservice/backend/node_modules/mongoose/node_modules/mongodb/src/operations/command.ts:173:14\n    at processTicksAndRejections (node:internal/process/task_queues:105:5)","timestamp":"2025-03-27T17:17:27.936Z"}
{"level":"info","message":"Connected to MongoDB","timestamp":"2025-03-27T17:18:29.000Z"}
{"level":"info","message":"Server is running on port 3000","timestamp":"2025-03-27T17:18:29.004Z"}
{"level":"info","message":"Connected to MongoDB","timestamp":"2025-03-27T17:22:21.896Z"}
{"level":"info","message":"Server is running on port 3000","timestamp":"2025-03-27T17:22:21.899Z"}
{"level":"info","message":"Connected to MongoDB","timestamp":"2025-03-27T17:25:42.681Z"}
{"level":"info","message":"Server is running on port 3000","timestamp":"2025-03-27T17:25:42.685Z"}
{"level":"info","message":"Connected to MongoDB","timestamp":"2025-03-27T17:27:27.806Z"}
{"level":"info","message":"Server is running on port 3000","timestamp":"2025-03-27T17:27:27.810Z"}
{"level":"info","message":"Connected to MongoDB","timestamp":"2025-03-27T17:29:40.999Z"}
{"level":"info","message":"Server is running on port 3000","timestamp":"2025-03-27T17:29:41.003Z"}
{"level":"info","message":"Connected to MongoDB","timestamp":"2025-03-27T17:31:20.926Z"}
{"level":"info","message":"Server is running on port 3000","timestamp":"2025-03-27T17:31:20.930Z"}
{"level":"info","message":"Connected to MongoDB","timestamp":"2025-03-27T17:34:22.685Z"}
{"level":"info","message":"Server is running on port 3000","timestamp":"2025-03-27T17:34:22.689Z"}
{"level":"info","message":"Connected to MongoDB","timestamp":"2025-03-27T17:36:19.212Z"}
{"level":"info","message":"Server is running on port 3000","timestamp":"2025-03-27T17:36:19.217Z"}
{"level":"info","message":"Connected to MongoDB","timestamp":"2025-03-27T17:37:17.972Z"}
{"level":"info","message":"Server is running on port 3000","timestamp":"2025-03-27T17:37:17.977Z"}
{"level":"error","message":"InternalOAuthError: Failed to obtain access token\n    at Strategy.OAuth2Strategy._createOAuthError (/Volumes/Work/extra/email-microservice/backend/node_modules/passport-oauth2/lib/strategy.js:423:17)\n    at /Volumes/Work/extra/email-microservice/backend/node_modules/passport-oauth2/lib/strategy.js:177:45\n    at /Volumes/Work/extra/email-microservice/backend/node_modules/oauth/lib/oauth2.js:196:18\n    at ClientRequest.<anonymous> (/Volumes/Work/extra/email-microservice/backend/node_modules/oauth/lib/oauth2.js:166:7)\n    at ClientRequest.emit (node:events:519:28)\n    at ClientRequest.emit (node:domain:488:12)\n    at TLSSocket.socketErrorListener (node:_http_client:500:9)\n    at TLSSocket.emit (node:events:519:28)\n    at TLSSocket.emit (node:domain:488:12)\n    at emitErrorNT (node:internal/streams/destroy:169:8)","timestamp":"2025-03-27T17:43:21.853Z"}
{"level":"info","message":"Connected to MongoDB","timestamp":"2025-03-27T17:47:26.431Z"}
{"level":"info","message":"Server is running on port 3000","timestamp":"2025-03-27T17:47:26.435Z"}
{"level":"info","message":"Connected to MongoDB","timestamp":"2025-03-27T17:47:54.453Z"}
{"level":"info","message":"Server is running on port 3000","timestamp":"2025-03-27T17:47:54.457Z"}
{"level":"info","message":"Connected to MongoDB","timestamp":"2025-03-27T17:50:33.302Z"}
{"level":"info","message":"Server is running on port 3000","timestamp":"2025-03-27T17:50:33.306Z"}
{"level":"info","message":"Connected to MongoDB","timestamp":"2025-03-27T17:50:44.528Z"}
{"level":"info","message":"Server is running on port 3000","timestamp":"2025-03-27T17:50:44.532Z"}
{"level":"info","message":"Connected to MongoDB","timestamp":"2025-03-27T17:57:49.250Z"}
{"level":"info","message":"Server is running on port 3000","timestamp":"2025-03-27T17:57:49.254Z"}
{"level":"info","message":"Connected to MongoDB","timestamp":"2025-03-27T17:58:12.003Z"}
{"level":"info","message":"Server is running on port 3000","timestamp":"2025-03-27T17:58:12.008Z"}
{"level":"info","message":"Connected to MongoDB","timestamp":"2025-03-27T17:59:41.580Z"}
{"level":"info","message":"Server is running on port 3000","timestamp":"2025-03-27T17:59:41.585Z"}
{"body":"lets check this","level":"info","message":"Added email to queue:","subject":"Test","tenantId":"tenant007","timestamp":"2025-03-27T18:00:46.921Z","toAddress":"vivek.behera@hunch.in","userId":"DonJon"}
{"body":"lets check this","level":"info","message":"Email queued for sending:","subject":"Test","tenantId":"tenant007","timestamp":"2025-03-27T18:00:46.922Z","toAddress":"vivek.behera@hunch.in","userId":"DonJon"}
{"body":{},"level":"error","message":"Error sending email:","response":{"body":{"code":"invalid_parameter","message":"valid sender email required"},"headers":{"access-control-allow-credentials":"true","access-control-allow-headers":"*","access-control-allow-methods":"PUT, POST, GET, DELETE, PATCH, OPTIONS","access-control-allow-origin":"*","cf-cache-status":"DYNAMIC","cf-ray":"9270ca13c8815511-DEL","connection":"keep-alive","content-length":"69","content-type":"application/json","date":"Thu, 27 Mar 2025 18:00:48 GMT","server":"cloudflare","sib-request-id":"b5a4f412-ddac-9147-9e19-aa48c2e7e307","x-content-type-options":"nosniff","x-envoy-upstream-service-time":"0","x-sib-ratelimit-limit":"1000","x-sib-ratelimit-remaining":"999","x-sib-ratelimit-reset":"1","x-sib-server":"srv-rke-platform-api-wkr-033-prd-gra-ovh","x-xss-protection":"1"},"request":{"headers":{"accept":"application/json","api-key":"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","content-length":135,"content-type":"application/json","partner-key":"","user-agent":"sendinblue_clientAPI/v3.3.1/ts-node"},"method":"POST","uri":{"auth":null,"hash":null,"host":"api.sendinblue.com","hostname":"api.sendinblue.com","href":"https://api.sendinblue.com/v3/smtp/email","path":"/v3/smtp/email","pathname":"/v3/smtp/email","port":443,"protocol":"https:","query":null,"search":null,"slashes":true}},"statusCode":400},"timestamp":"2025-03-27T18:00:48.554Z"}
{"body":"lets check this","level":"info","message":"Requeued email:","retryCount":1,"subject":"Test","tenantId":"tenant007","timestamp":1743098448557,"toAddress":"vivek.behera@hunch.in","userId":"DonJon"}
{"body":{},"level":"error","message":"Error sending email:","response":{"body":{"code":"invalid_parameter","message":"valid sender email required"},"headers":{"access-control-allow-credentials":"true","access-control-allow-headers":"*","access-control-allow-methods":"PUT, POST, GET, DELETE, PATCH, OPTIONS","access-control-allow-origin":"*","cf-cache-status":"DYNAMIC","cf-ray":"9270ca17bca75511-DEL","connection":"keep-alive","content-length":"69","content-type":"application/json","date":"Thu, 27 Mar 2025 18:00:48 GMT","server":"cloudflare","sib-request-id":"80ecedd3-7500-93f6-8ce1-cfda118deab2","x-content-type-options":"nosniff","x-envoy-upstream-service-time":"1","x-sib-ratelimit-limit":"1000","x-sib-ratelimit-remaining":"998","x-sib-ratelimit-reset":"1","x-sib-server":"srv-rke-platform-api-wkr-005-prd-gra-ovh","x-xss-protection":"1"},"request":{"headers":{"accept":"application/json","api-key":"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","content-length":135,"content-type":"application/json","partner-key":"","user-agent":"sendinblue_clientAPI/v3.3.1/ts-node"},"method":"POST","uri":{"auth":null,"hash":null,"host":"api.sendinblue.com","hostname":"api.sendinblue.com","href":"https://api.sendinblue.com/v3/smtp/email","path":"/v3/smtp/email","pathname":"/v3/smtp/email","port":443,"protocol":"https:","query":null,"search":null,"slashes":true}},"statusCode":400},"timestamp":"2025-03-27T18:00:48.832Z"}
{"body":"lets check this","level":"info","message":"Requeued email:","retryCount":2,"subject":"Test","tenantId":"tenant007","timestamp":1743098448834,"toAddress":"vivek.behera@hunch.in","userId":"DonJon"}
{"body":{},"level":"error","message":"Error sending email:","response":{"body":{"code":"invalid_parameter","message":"valid sender email required"},"headers":{"access-control-allow-credentials":"true","access-control-allow-headers":"*","access-control-allow-methods":"PUT, POST, GET, DELETE, PATCH, OPTIONS","access-control-allow-origin":"*","cf-cache-status":"DYNAMIC","cf-ray":"9270ca197e455511-DEL","connection":"keep-alive","content-length":"69","content-type":"application/json","date":"Thu, 27 Mar 2025 18:00:49 GMT","server":"cloudflare","sib-request-id":"d946f012-68f9-9df1-bf90-b816261889e5","x-content-type-options":"nosniff","x-envoy-upstream-service-time":"1","x-sib-ratelimit-limit":"1000","x-sib-ratelimit-remaining":"999","x-sib-ratelimit-reset":"1","x-sib-server":"srv-rke-platform-api-wkr-007-prd-gra-ovh","x-xss-protection":"1"},"request":{"headers":{"accept":"application/json","api-key":"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","content-length":135,"content-type":"application/json","partner-key":"","user-agent":"sendinblue_clientAPI/v3.3.1/ts-node"},"method":"POST","uri":{"auth":null,"hash":null,"host":"api.sendinblue.com","hostname":"api.sendinblue.com","href":"https://api.sendinblue.com/v3/smtp/email","path":"/v3/smtp/email","pathname":"/v3/smtp/email","port":443,"protocol":"https:","query":null,"search":null,"slashes":true}},"statusCode":400},"timestamp":"2025-03-27T18:00:49.144Z"}
{"body":"lets check this","level":"info","message":"Requeued email:","retryCount":3,"subject":"Test","tenantId":"tenant007","timestamp":1743098449147,"toAddress":"vivek.behera@hunch.in","userId":"DonJon"}
{"body":{},"level":"error","message":"Error sending email:","response":{"body":{"code":"invalid_parameter","message":"valid sender email required"},"headers":{"access-control-allow-credentials":"true","access-control-allow-headers":"*","access-control-allow-methods":"PUT, POST, GET, DELETE, PATCH, OPTIONS","access-control-allow-origin":"*","cf-cache-status":"DYNAMIC","cf-ray":"9270ca1b58fd5511-DEL","connection":"keep-alive","content-length":"69","content-type":"application/json","date":"Thu, 27 Mar 2025 18:00:49 GMT","server":"cloudflare","sib-request-id":"f806cb67-0151-9518-b701-10a513b90fb2","x-content-type-options":"nosniff","x-envoy-upstream-service-time":"0","x-sib-ratelimit-limit":"1000","x-sib-ratelimit-remaining":"998","x-sib-ratelimit-reset":"1","x-sib-server":"srv-rke-platform-api-wkr-003-prd-gra-ovh","x-xss-protection":"1"},"request":{"headers":{"accept":"application/json","api-key":"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","content-length":135,"content-type":"application/json","partner-key":"","user-agent":"sendinblue_clientAPI/v3.3.1/ts-node"},"method":"POST","uri":{"auth":null,"hash":null,"host":"api.sendinblue.com","hostname":"api.sendinblue.com","href":"https://api.sendinblue.com/v3/smtp/email","path":"/v3/smtp/email","pathname":"/v3/smtp/email","port":443,"protocol":"https:","query":null,"search":null,"slashes":true}},"statusCode":400},"timestamp":"2025-03-27T18:00:49.445Z"}
{"level":"info","message":"Connected to MongoDB","timestamp":"2025-03-27T18:03:47.461Z"}
{"level":"info","message":"Server is running on port 3000","timestamp":"2025-03-27T18:03:47.465Z"}
{"level":"info","message":"Connected to MongoDB","timestamp":"2025-03-27T18:04:50.069Z"}
{"level":"info","message":"Server is running on port 3000","timestamp":"2025-03-27T18:04:50.073Z"}
{"level":"info","message":"Connected to MongoDB","timestamp":"2025-03-27T18:05:18.970Z"}
{"level":"info","message":"Server is running on port 3000","timestamp":"2025-03-27T18:05:18.973Z"}
{"level":"info","message":"Connected to MongoDB","timestamp":"2025-03-27T18:05:36.842Z"}
{"level":"info","message":"Server is running on port 3000","timestamp":"2025-03-27T18:05:36.845Z"}
{"level":"info","message":"Connected to MongoDB","timestamp":"2025-03-27T18:05:44.575Z"}
{"level":"info","message":"Server is running on port 3000","timestamp":"2025-03-27T18:05:44.579Z"}
{"body":"Test mail hai yeh","level":"info","message":"Added email to queue:","subject":"Test mail","tenantId":"tenant007","timestamp":"2025-03-27T18:06:31.807Z","toAddress":"vivek.behera@hunch.in","userId":"DonJon"}
{"body":"Test mail hai yeh","level":"info","message":"Email queued for sending:","subject":"Test mail","tenantId":"tenant007","timestamp":"2025-03-27T18:06:31.808Z","toAddress":"vivek.behera@hunch.in","userId":"DonJon"}
{"body":{},"level":"error","message":"Error sending email:","response":{"body":{"code":"invalid_parameter","message":"valid sender email required"},"headers":{"access-control-allow-credentials":"true","access-control-allow-headers":"*","access-control-allow-methods":"PUT, POST, GET, DELETE, PATCH, OPTIONS","access-control-allow-origin":"*","cf-cache-status":"DYNAMIC","cf-ray":"9270d27f9d673fe4-BOM","connection":"keep-alive","content-length":"69","content-type":"application/json","date":"Thu, 27 Mar 2025 18:06:33 GMT","server":"cloudflare","sib-request-id":"8cb9c8d2-8658-9f76-bf43-9b744a0ef9cb","x-content-type-options":"nosniff","x-envoy-upstream-service-time":"0","x-sib-ratelimit-limit":"1000","x-sib-ratelimit-remaining":"999","x-sib-ratelimit-reset":"1","x-sib-server":"srv-rke-platform-api-wkr-020-prd-gra-ovh","x-xss-protection":"1"},"request":{"headers":{"accept":"application/json","api-key":"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","content-length":145,"content-type":"application/json","partner-key":"","user-agent":"sendinblue_clientAPI/v3.3.1/ts-node"},"method":"POST","uri":{"auth":null,"hash":null,"host":"api.sendinblue.com","hostname":"api.sendinblue.com","href":"https://api.sendinblue.com/v3/smtp/email","path":"/v3/smtp/email","pathname":"/v3/smtp/email","port":443,"protocol":"https:","query":null,"search":null,"slashes":true}},"statusCode":400},"timestamp":"2025-03-27T18:06:33.264Z"}
{"body":"Test mail hai yeh","level":"info","message":"Requeued email:","retryCount":1,"subject":"Test mail","tenantId":"tenant007","timestamp":1743098793266,"toAddress":"vivek.behera@hunch.in","userId":"DonJon"}
{"body":{},"level":"error","message":"Error sending email:","response":{"body":{"code":"invalid_parameter","message":"valid sender email required"},"headers":{"access-control-allow-credentials":"true","access-control-allow-headers":"*","access-control-allow-methods":"PUT, POST, GET, DELETE, PATCH, OPTIONS","access-control-allow-origin":"*","cf-cache-status":"DYNAMIC","cf-ray":"9270d2820f1d3fe4-BOM","connection":"keep-alive","content-length":"69","content-type":"application/json","date":"Thu, 27 Mar 2025 18:06:34 GMT","server":"cloudflare","sib-request-id":"d499d3ea-53ff-9935-baef-d5c3c51d8a7a","x-content-type-options":"nosniff","x-envoy-upstream-service-time":"0","x-sib-ratelimit-limit":"1000","x-sib-ratelimit-remaining":"999","x-sib-ratelimit-reset":"1","x-sib-server":"rke-wrk-plf-api-green-chilly-rbx","x-xss-protection":"1"},"request":{"headers":{"accept":"application/json","api-key":"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","content-length":145,"content-type":"application/json","partner-key":"","user-agent":"sendinblue_clientAPI/v3.3.1/ts-node"},"method":"POST","uri":{"auth":null,"hash":null,"host":"api.sendinblue.com","hostname":"api.sendinblue.com","href":"https://api.sendinblue.com/v3/smtp/email","path":"/v3/smtp/email","pathname":"/v3/smtp/email","port":443,"protocol":"https:","query":null,"search":null,"slashes":true}},"statusCode":400},"timestamp":"2025-03-27T18:06:34.709Z"}
{"body":"Test mail hai yeh","level":"info","message":"Requeued email:","retryCount":2,"subject":"Test mail","tenantId":"tenant007","timestamp":1743098794715,"toAddress":"vivek.behera@hunch.in","userId":"DonJon"}
{"body":{},"level":"error","message":"Error sending email:","response":{"body":{"code":"invalid_parameter","message":"valid sender email required"},"headers":{"access-control-allow-credentials":"true","access-control-allow-headers":"*","access-control-allow-methods":"PUT, POST, GET, DELETE, PATCH, OPTIONS","access-control-allow-origin":"*","cf-cache-status":"DYNAMIC","cf-ray":"9270d28b1ef33fe4-BOM","connection":"keep-alive","content-length":"69","content-type":"application/json","date":"Thu, 27 Mar 2025 18:06:35 GMT","server":"cloudflare","sib-request-id":"619c3355-d120-956b-9d29-8d121cfa0487","x-content-type-options":"nosniff","x-envoy-upstream-service-time":"2","x-sib-ratelimit-limit":"1000","x-sib-ratelimit-remaining":"998","x-sib-ratelimit-reset":"1","x-sib-server":"srv-rke-platform-api-wkr-013-prd-rbx-ovh","x-xss-protection":"1"},"request":{"headers":{"accept":"application/json","api-key":"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","content-length":145,"content-type":"application/json","partner-key":"","user-agent":"sendinblue_clientAPI/v3.3.1/ts-node"},"method":"POST","uri":{"auth":null,"hash":null,"host":"api.sendinblue.com","hostname":"api.sendinblue.com","href":"https://api.sendinblue.com/v3/smtp/email","path":"/v3/smtp/email","pathname":"/v3/smtp/email","port":443,"protocol":"https:","query":null,"search":null,"slashes":true}},"statusCode":400},"timestamp":"2025-03-27T18:06:35.090Z"}
{"body":"Test mail hai yeh","level":"info","message":"Requeued email:","retryCount":3,"subject":"Test mail","tenantId":"tenant007","timestamp":1743098795094,"toAddress":"vivek.behera@hunch.in","userId":"DonJon"}
{"body":{},"level":"error","message":"Error sending email:","response":{"body":{"code":"invalid_parameter","message":"valid sender email required"},"headers":{"access-control-allow-credentials":"true","access-control-allow-headers":"*","access-control-allow-methods":"PUT, POST, GET, DELETE, PATCH, OPTIONS","access-control-allow-origin":"*","cf-cache-status":"DYNAMIC","cf-ray":"9270d28d69383fe4-BOM","connection":"keep-alive","content-length":"69","content-type":"application/json","date":"Thu, 27 Mar 2025 18:06:35 GMT","server":"cloudflare","sib-request-id":"985d81c2-e9db-9726-bba1-a013fba877a5","x-content-type-options":"nosniff","x-envoy-upstream-service-time":"0","x-sib-ratelimit-limit":"1000","x-sib-ratelimit-remaining":"999","x-sib-ratelimit-reset":"1","x-sib-server":"srv-rke-platform-api-wkr-012-prd-rbx-ovh","x-xss-protection":"1"},"request":{"headers":{"accept":"application/json","api-key":"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","content-length":145,"content-type":"application/json","partner-key":"","user-agent":"sendinblue_clientAPI/v3.3.1/ts-node"},"method":"POST","uri":{"auth":null,"hash":null,"host":"api.sendinblue.com","hostname":"api.sendinblue.com","href":"https://api.sendinblue.com/v3/smtp/email","path":"/v3/smtp/email","pathname":"/v3/smtp/email","port":443,"protocol":"https:","query":null,"search":null,"slashes":true}},"statusCode":400},"timestamp":"2025-03-27T18:06:35.466Z"}
{"level":"info","message":"Connected to MongoDB","timestamp":"2025-03-27T18:09:59.451Z"}
{"level":"info","message":"Server is running on port 3000","timestamp":"2025-03-27T18:09:59.455Z"}
{"body":"test mail hai","level":"info","message":"Added email to queue:","subject":"test","tenantId":"tenant007","timestamp":"2025-03-27T18:10:52.161Z","toAddress":"vivek.behera@hunch.in","userId":"DonJon"}
{"body":"test mail hai","level":"info","message":"Email queued for sending:","subject":"test","tenantId":"tenant007","timestamp":"2025-03-27T18:10:52.161Z","toAddress":"vivek.behera@hunch.in","userId":"DonJon"}
{"body":{},"level":"error","message":"Error sending email:","response":{"body":{"code":"invalid_parameter","message":"valid sender email required"},"headers":{"access-control-allow-credentials":"true","access-control-allow-headers":"*","access-control-allow-methods":"PUT, POST, GET, DELETE, PATCH, OPTIONS","access-control-allow-origin":"*","cf-cache-status":"DYNAMIC","cf-ray":"9270d8d7996a5a05-DEL","connection":"keep-alive","content-length":"69","content-type":"application/json","date":"Thu, 27 Mar 2025 18:10:53 GMT","server":"cloudflare","sib-request-id":"da35af0e-d13d-9750-a033-2dce0c95a80b","x-content-type-options":"nosniff","x-envoy-upstream-service-time":"2","x-sib-ratelimit-limit":"1000","x-sib-ratelimit-remaining":"999","x-sib-ratelimit-reset":"1","x-sib-server":"srv-rke-platform-api-wkr-011-prd-rbx-ovh","x-xss-protection":"1"},"request":{"headers":{"accept":"application/json","api-key":"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","content-length":133,"content-type":"application/json","partner-key":"","user-agent":"sendinblue_clientAPI/v3.3.1/ts-node"},"method":"POST","uri":{"auth":null,"hash":null,"host":"api.sendinblue.com","hostname":"api.sendinblue.com","href":"https://api.sendinblue.com/v3/smtp/email","path":"/v3/smtp/email","pathname":"/v3/smtp/email","port":443,"protocol":"https:","query":null,"search":null,"slashes":true}},"statusCode":400},"timestamp":"2025-03-27T18:10:53.239Z"}
{"body":"test mail hai","level":"info","message":"Requeued email:","retryCount":1,"subject":"test","tenantId":"tenant007","timestamp":1743099053240,"toAddress":"vivek.behera@hunch.in","userId":"DonJon"}
{"body":{},"level":"error","message":"Error sending email:","response":{"body":{"code":"invalid_parameter","message":"valid sender email required"},"headers":{"access-control-allow-credentials":"true","access-control-allow-headers":"*","access-control-allow-methods":"PUT, POST, GET, DELETE, PATCH, OPTIONS","access-control-allow-origin":"*","cf-cache-status":"DYNAMIC","cf-ray":"9270d8dafbc85a05-DEL","connection":"keep-alive","content-length":"69","content-type":"application/json","date":"Thu, 27 Mar 2025 18:10:53 GMT","server":"cloudflare","sib-request-id":"28b0565a-5245-98bb-8262-6a3da3fc229d","x-content-type-options":"nosniff","x-envoy-upstream-service-time":"2","x-sib-ratelimit-limit":"1000","x-sib-ratelimit-remaining":"998","x-sib-ratelimit-reset":"1","x-sib-server":"rke-wrk-plf-api-murky-moor-rbx","x-xss-protection":"1"},"request":{"headers":{"accept":"application/json","api-key":"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","content-length":133,"content-type":"application/json","partner-key":"","user-agent":"sendinblue_clientAPI/v3.3.1/ts-node"},"method":"POST","uri":{"auth":null,"hash":null,"host":"api.sendinblue.com","hostname":"api.sendinblue.com","href":"https://api.sendinblue.com/v3/smtp/email","path":"/v3/smtp/email","pathname":"/v3/smtp/email","port":443,"protocol":"https:","query":null,"search":null,"slashes":true}},"statusCode":400},"timestamp":"2025-03-27T18:10:53.469Z"}
{"body":"test mail hai","level":"info","message":"Requeued email:","retryCount":2,"subject":"test","tenantId":"tenant007","timestamp":1743099053472,"toAddress":"vivek.behera@hunch.in","userId":"DonJon"}
{"body":{},"level":"error","message":"Error sending email:","response":{"body":{"code":"invalid_parameter","message":"valid sender email required"},"headers":{"access-control-allow-credentials":"true","access-control-allow-headers":"*","access-control-allow-methods":"PUT, POST, GET, DELETE, PATCH, OPTIONS","access-control-allow-origin":"*","cf-cache-status":"DYNAMIC","cf-ray":"9270d8dc6cb95a05-DEL","connection":"keep-alive","content-length":"69","content-type":"application/json","date":"Thu, 27 Mar 2025 18:10:53 GMT","server":"cloudflare","sib-request-id":"6dbf0cda-cf35-97d3-a5a1-d61a31c4fffa","x-content-type-options":"nosniff","x-envoy-upstream-service-time":"2","x-sib-ratelimit-limit":"1000","x-sib-ratelimit-remaining":"997","x-sib-ratelimit-reset":"1","x-sib-server":"srv-rke-platform-api-wkr-041-prd-gra-ovh","x-xss-protection":"1"},"request":{"headers":{"accept":"application/json","api-key":"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","content-length":133,"content-type":"application/json","partner-key":"","user-agent":"sendinblue_clientAPI/v3.3.1/ts-node"},"method":"POST","uri":{"auth":null,"hash":null,"host":"api.sendinblue.com","hostname":"api.sendinblue.com","href":"https://api.sendinblue.com/v3/smtp/email","path":"/v3/smtp/email","pathname":"/v3/smtp/email","port":443,"protocol":"https:","query":null,"search":null,"slashes":true}},"statusCode":400},"timestamp":"2025-03-27T18:10:53.655Z"}
{"body":"test mail hai","level":"info","message":"Requeued email:","retryCount":3,"subject":"test","tenantId":"tenant007","timestamp":1743099053657,"toAddress":"vivek.behera@hunch.in","userId":"DonJon"}
{"body":{},"level":"error","message":"Error sending email:","response":{"body":{"code":"invalid_parameter","message":"valid sender email required"},"headers":{"access-control-allow-credentials":"true","access-control-allow-headers":"*","access-control-allow-methods":"PUT, POST, GET, DELETE, PATCH, OPTIONS","access-control-allow-origin":"*","cf-cache-status":"DYNAMIC","cf-ray":"9270d8dd9d665a05-DEL","connection":"keep-alive","content-length":"69","content-type":"application/json","date":"Thu, 27 Mar 2025 18:10:53 GMT","server":"cloudflare","sib-request-id":"5701f7c4-49df-90fc-a638-df6b880cf995","x-content-type-options":"nosniff","x-envoy-upstream-service-time":"0","x-sib-ratelimit-limit":"1000","x-sib-ratelimit-remaining":"996","x-sib-ratelimit-reset":"1","x-sib-server":"rke-wrk-plf-api-exile-boxer-gra","x-xss-protection":"1"},"request":{"headers":{"accept":"application/json","api-key":"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","content-length":133,"content-type":"application/json","partner-key":"","user-agent":"sendinblue_clientAPI/v3.3.1/ts-node"},"method":"POST","uri":{"auth":null,"hash":null,"host":"api.sendinblue.com","hostname":"api.sendinblue.com","href":"https://api.sendinblue.com/v3/smtp/email","path":"/v3/smtp/email","pathname":"/v3/smtp/email","port":443,"protocol":"https:","query":null,"search":null,"slashes":true}},"statusCode":400},"timestamp":"2025-03-27T18:10:53.833Z"}
{"level":"info","message":"Connected to MongoDB","timestamp":"2025-03-27T18:12:02.534Z"}
{"level":"info","message":"Server is running on port 3000","timestamp":"2025-03-27T18:12:02.537Z"}
{"level":"info","message":"Connected to MongoDB","timestamp":"2025-03-27T18:14:38.891Z"}
{"level":"info","message":"Server is running on port 3000","timestamp":"2025-03-27T18:14:38.896Z"}
{"level":"info","message":"Connected to MongoDB","timestamp":"2025-03-27T18:15:37.300Z"}
{"level":"info","message":"Server is running on port 3000","timestamp":"2025-03-27T18:15:37.304Z"}
{"level":"info","message":"Connected to MongoDB","timestamp":"2025-03-27T18:15:45.963Z"}
{"level":"info","message":"Server is running on port 3000","timestamp":"2025-03-27T18:15:45.967Z"}
{"body":"mail test hai","fromAddress":"vivekkumarbehera@gmail.com","level":"info","message":"Added email to queue:","subject":"test","tenantId":"tenant007","timestamp":"2025-03-27T18:16:38.113Z","toAddress":"vivek.behera@hunch.in","userId":"DonJon"}
{"body":"mail test hai","fromAddress":"vivekkumarbehera@gmail.com","level":"info","message":"Email queued for sending:","subject":"test","tenantId":"tenant007","timestamp":"2025-03-27T18:16:38.113Z","toAddress":"vivek.behera@hunch.in","userId":"DonJon"}
{"level":"info","message":"Email sent successfully:","timestamp":"2025-03-27T18:16:39.793Z"}
{"level":"info","message":"Connected to MongoDB","timestamp":"2025-03-27T18:17:29.650Z"}
{"level":"info","message":"Server is running on port 3000","timestamp":"2025-03-27T18:17:29.654Z"}
{"body":"test mail check","fromAddress":"vivekkumarbehera@gmail.com","level":"info","message":"Added email to queue:","subject":"Test maiil","tenantId":"tenant007","timestamp":"2025-03-27T18:18:04.083Z","toAddress":"vivek.kumar@hunch.in","userId":"DonJon"}
{"body":"test mail check","fromAddress":"vivekkumarbehera@gmail.com","level":"info","message":"Email queued for sending:","subject":"Test maiil","tenantId":"tenant007","timestamp":"2025-03-27T18:18:04.084Z","toAddress":"vivek.kumar@hunch.in","userId":"DonJon"}
{"level":"info","message":"Email sent successfully:","timestamp":"2025-03-27T18:18:05.414Z"}
{"level":"info","message":"Connected to MongoDB","timestamp":"2025-03-27T18:22:31.335Z"}
{"level":"info","message":"Server is running on port 3000","timestamp":"2025-03-27T18:22:31.339Z"}
